<?xml version="1.0" encoding="UTF-8"?>
<!-- Generated by org.testng.reporters.JUnitReportReporter -->
<testsuite name="com.yantra.auto.yrms.scripts.HtmlUnitTest" tests="1" time="0.927" ignored="0" failures="0" timestamp="01 Sep 2017 07:27:36 GMT" skipped="0" hostname="FT-DESKTOP-019" errors="1">
  <testcase name="test" time="0.927" classname="com.yantra.auto.yrms.scripts.HtmlUnitTest">
    <error type="java.lang.IllegalArgumentException" message="Cannot locate declared field class org.apache.http.impl.client.HttpClientBuilder.sslContext">
      <![CDATA[java.lang.IllegalArgumentException: Cannot locate declared field class org.apache.http.impl.client.HttpClientBuilder.sslContext
	at org.apache.commons.lang3.Validate.isTrue(Validate.java:158)
	at org.apache.commons.lang3.reflect.FieldUtils.readDeclaredField(FieldUtils.java:511)
	at com.gargoylesoftware.htmlunit.HttpWebConnection.getField(HttpWebConnection.java:1092)
	at com.gargoylesoftware.htmlunit.HttpWebConnection.createConnectionManager(HttpWebConnection.java:1014)
	at com.gargoylesoftware.htmlunit.HttpWebConnection.getResponse(HttpWebConnection.java:176)
	at com.gargoylesoftware.htmlunit.WebClient.loadWebResponseFromWebConnection(WebClient.java:1379)
	at com.gargoylesoftware.htmlunit.WebClient.loadWebResponse(WebClient.java:1298)
	at com.gargoylesoftware.htmlunit.WebClient.getPage(WebClient.java:392)
	at com.gargoylesoftware.htmlunit.WebClient.getPage(WebClient.java:313)
	at com.gargoylesoftware.htmlunit.WebClient.getPage(WebClient.java:461)
	at com.gargoylesoftware.htmlunit.WebClient.getPage(WebClient.java:446)
	at com.yantra.auto.yrms.scripts.HtmlUnitTest.test(HtmlUnitTest.java:34)
	at sun.reflect.NativeMethodAccessorImpl.invoke0(Native Method)
	at sun.reflect.NativeMethodAccessorImpl.invoke(NativeMethodAccessorImpl.java:62)
	at sun.reflect.DelegatingMethodAccessorImpl.invoke(DelegatingMethodAccessorImpl.java:43)
	at java.lang.reflect.Method.invoke(Method.java:498)
	at org.testng.internal.MethodInvocationHelper.invokeMethod(MethodInvocationHelper.java:104)
	at org.testng.internal.Invoker.invokeMethod(Invoker.java:645)
	at org.testng.internal.Invoker.invokeTestMethod(Invoker.java:851)
	at org.testng.internal.Invoker.invokeTestMethods(Invoker.java:1177)
	at org.testng.internal.TestMethodWorker.invokeTestMethods(TestMethodWorker.java:129)
	at org.testng.internal.TestMethodWorker.run(TestMethodWorker.java:112)
	at org.testng.TestRunner.privateRun(TestRunner.java:756)
	at org.testng.TestRunner.run(TestRunner.java:610)
	at org.testng.SuiteRunner.runTest(SuiteRunner.java:387)
	at org.testng.SuiteRunner.runSequentially(SuiteRunner.java:382)
	at org.testng.SuiteRunner.privateRun(SuiteRunner.java:340)
	at org.testng.SuiteRunner.run(SuiteRunner.java:289)
	at org.testng.SuiteRunnerWorker.runSuite(SuiteRunnerWorker.java:52)
	at org.testng.SuiteRunnerWorker.run(SuiteRunnerWorker.java:86)
	at org.testng.TestNG.runSuitesSequentially(TestNG.java:1293)
	at org.testng.TestNG.runSuitesLocally(TestNG.java:1218)
	at org.testng.TestNG.runSuites(TestNG.java:1133)
	at org.testng.TestNG.run(TestNG.java:1104)
	at org.testng.remote.AbstractRemoteTestNG.run(AbstractRemoteTestNG.java:132)
	at org.testng.remote.RemoteTestNG.initAndRun(RemoteTestNG.java:236)
	at org.testng.remote.RemoteTestNG.main(RemoteTestNG.java:81)
]]>
    </error>
  </testcase> <!-- test -->
</testsuite> <!-- com.yantra.auto.yrms.scripts.HtmlUnitTest -->
